<?xml version="1.0" encoding="UTF-8"?>
<testng-results ignored="0" total="0" passed="0" failed="0" skipped="0">
  <reporter-output>
  </reporter-output>
  <suite started-at="2024-03-29T14:35:57 IST" name="Suite" finished-at="2024-03-29T14:36:00 IST" duration-ms="3160">
    <groups>
      <group name="cucumber">
        <method signature="AbstractTestNGCucumberTests.runScenario(io.cucumber.testng.PickleWrapper, io.cucumber.testng.FeatureWrapper)[pri:0, instance:tests.RunnerRunner@63475ace]" name="runScenario" class="io.cucumber.testng.AbstractTestNGCucumberTests"/>
      </group> <!-- cucumber -->
    </groups>
    <test started-at="2024-03-29T14:35:57 IST" name="Test" finished-at="2024-03-29T14:36:00 IST" duration-ms="3160">
      <class name="tests.RunnerRunner">
        <test-method is-config="true" signature="setUpClass(org.testng.ITestContext)[pri:0, instance:tests.RunnerRunner@63475ace]" started-at="2024-03-29T14:35:57 IST" name="setUpClass" finished-at="2024-03-29T14:35:58 IST" duration-ms="906" status="PASS">
          <params>
            <param index="0">
              <value>
                <![CDATA[org.testng.TestRunner@5b6e8f77]]>
              </value>
            </param>
          </params>
          <reporter-output>
          </reporter-output>
        </test-method> <!-- setUpClass -->
        <test-method is-config="true" signature="tearDownClass()[pri:0, instance:tests.RunnerRunner@63475ace]" started-at="2024-03-29T14:35:58 IST" name="tearDownClass" finished-at="2024-03-29T14:36:00 IST" duration-ms="2194" status="PASS">
          <reporter-output>
          </reporter-output>
        </test-method> <!-- tearDownClass -->
      </class> <!-- tests.RunnerRunner -->
    </test> <!-- Test -->
  </suite> <!-- Suite -->
</testng-results>
