<?xml version="1.0" encoding="UTF-8"?>
<testng-results ignored="0" total="0" passed="0" failed="0" skipped="0">
  <reporter-output>
  </reporter-output>
  <suite started-at="2024-07-13T12:30:41 IST" name="Suite" finished-at="2024-07-13T12:30:46 IST" duration-ms="4648">
    <groups>
      <group name="cucumber">
        <method signature="AbstractTestNGCucumberTests.runScenario(io.cucumber.testng.PickleWrapper, io.cucumber.testng.FeatureWrapper)[pri:0, instance:tests.RunnerRunner@bccb269]" name="runScenario" class="io.cucumber.testng.AbstractTestNGCucumberTests"/>
      </group> <!-- cucumber -->
    </groups>
    <test started-at="2024-07-13T12:30:41 IST" name="Test" finished-at="2024-07-13T12:30:46 IST" duration-ms="4648">
      <class name="tests.RunnerRunner">
        <test-method is-config="true" signature="setUpClass(org.testng.ITestContext)[pri:0, instance:tests.RunnerRunner@bccb269]" started-at="2024-07-13T12:30:41 IST" name="setUpClass" finished-at="2024-07-13T12:30:42 IST" duration-ms="1186" status="PASS">
          <params>
            <param index="0">
              <value>
                <![CDATA[org.testng.TestRunner@5b6e8f77]]>
              </value>
            </param>
          </params>
          <reporter-output>
          </reporter-output>
        </test-method> <!-- setUpClass -->
        <test-method is-config="true" signature="tearDownClass()[pri:0, instance:tests.RunnerRunner@bccb269]" started-at="2024-07-13T12:30:42 IST" name="tearDownClass" finished-at="2024-07-13T12:30:46 IST" duration-ms="3347" status="PASS">
          <reporter-output>
          </reporter-output>
        </test-method> <!-- tearDownClass -->
      </class> <!-- tests.RunnerRunner -->
    </test> <!-- Test -->
  </suite> <!-- Suite -->
</testng-results>
