<?xml version="1.0" encoding="UTF-8"?>
<testng-results ignored="0" total="0" passed="0" failed="0" skipped="0">
  <reporter-output>
  </reporter-output>
  <suite started-at="2024-03-29T15:54:27 IST" name="Default suite" finished-at="2024-03-29T15:54:30 IST" duration-ms="3456">
    <groups>
      <group name="cucumber">
        <method signature="AbstractTestNGCucumberTests.runScenario(io.cucumber.testng.PickleWrapper, io.cucumber.testng.FeatureWrapper)[pri:0, instance:tests.RunnerRunner@1649b0e6]" name="runScenario" class="io.cucumber.testng.AbstractTestNGCucumberTests"/>
      </group> <!-- cucumber -->
    </groups>
    <test started-at="2024-03-29T15:54:27 IST" name="Default test" finished-at="2024-03-29T15:54:30 IST" duration-ms="3456">
      <class name="tests.RunnerRunner">
        <test-method is-config="true" signature="setUpClass(org.testng.ITestContext)[pri:0, instance:tests.RunnerRunner@1649b0e6]" started-at="2024-03-29T15:54:27 IST" name="setUpClass" finished-at="2024-03-29T15:54:27 IST" duration-ms="909" status="PASS">
          <params>
            <param index="0">
              <value>
                <![CDATA[org.testng.TestRunner@488b50ec]]>
              </value>
            </param>
          </params>
          <reporter-output>
          </reporter-output>
        </test-method> <!-- setUpClass -->
        <test-method is-config="true" signature="tearDownClass()[pri:0, instance:tests.RunnerRunner@1649b0e6]" started-at="2024-03-29T15:54:27 IST" name="tearDownClass" finished-at="2024-03-29T15:54:30 IST" duration-ms="2490" status="PASS">
          <reporter-output>
          </reporter-output>
        </test-method> <!-- tearDownClass -->
      </class> <!-- tests.RunnerRunner -->
    </test> <!-- Default test -->
  </suite> <!-- Default suite -->
</testng-results>
